2026-02-20 11:55:27:5527 [35mhttp[39m: [35mPOST /api/v1/auth/login 200 433 - 267.470 ms[39m
2026-02-20 12:00:45:045 [35mhttp[39m: [35mGET /api/v1/products/ 200 887 - 48.955 ms[39m
2026-02-20 12:01:15:115 [35mhttp[39m: [35mGET /api/v1/products/premium-ergonomic-office-chair 200 1471 - 205.571 ms[39m
2026-02-20 12:04:25:425 [35mhttp[39m: [35mGET /api/v1/products/premium-ergonomic-office-chair 200 1471 - 49.102 ms[39m
2026-02-21 15:41:06:416 [35mhttp[39m: [35mPOST /api/v1/auth/register 201 415 - 498.585 ms[39m
2026-02-21 15:44:20:4420 [35mhttp[39m: [35mPOST /api/v1/auth/login 500 1256 - 79.075 ms[39m
2026-02-21 15:44:55:4455 [35mhttp[39m: [35mPOST /api/v1/auth/login 400 1053 - 22.989 ms[39m
2026-02-21 15:45:07:457 [35mhttp[39m: [35mPOST /api/v1/auth/login 200 437 - 392.155 ms[39m
2026-02-27 13:06:06:66 [35mhttp[39m: [35mPOST /api/products/ 404 153 - 13.952 ms[39m
2026-02-27 13:06:11:611 [35mhttp[39m: [35mGET /api/products/ 404 152 - 7.077 ms[39m
2026-02-27 13:06:19:619 [35mhttp[39m: [35mGET /api/v1/products/ 200 887 - 97.791 ms[39m
2026-02-27 13:07:41:741 [35mhttp[39m: [35mGET /api/v1/categories/ 200 327 - 187.393 ms[39m
2026-02-27 13:10:30:1030 [35mhttp[39m: [35mGET /api/v1/categories/770616750 500 1195 - 130.839 ms[39m
2026-02-27 13:12:06:126 [35mhttp[39m: [35mGET /api/v1/categories/770616750 500 1195 - 28.592 ms[39m
2026-02-27 13:14:06:146 [35mhttp[39m: [35mGET /api/v1/categories/770616750 500 1195 - 25.109 ms[39m
2026-02-27 13:14:35:1435 [35mhttp[39m: [35mGET /api/v1/categories/770616750 500 1195 - 4.292 ms[39m
2026-02-27 13:21:35:2135 [35mhttp[39m: [35mGET /api/v1/categories/770616750 500 1272 - 35.972 ms[39m
2026-02-27 13:24:29:2429 [35mhttp[39m: [35mGET /api/v1/categories/sync/770616750 200 34 - 175.849 ms[39m
2026-02-27 13:27:09:279 [35mhttp[39m: [35mGET /api/v1/categories/770616750 200 772 - 153.192 ms[39m
2026-02-27 13:27:54:2754 [35mhttp[39m: [35mGET /api/v1/categories/premium-ergonomic-office-chair 200 772 - 68.441 ms[39m
2026-02-27 13:28:36:2836 [35mhttp[39m: [35mGET /api/v1/categories/premium-ergonomic-office-chair 200 772 - 362.583 ms[39m
2026-02-27 13:29:42:2942 [35mhttp[39m: [35mGET /api/v1/categories/premium-ergonomic-office-chair 200 772 - 239.688 ms[39m
2026-02-27 13:30:25:3025 [35mhttp[39m: [35mGET /api/v1/categories/premium-ergonomic-office-chair 200 772 - 124.289 ms[39m
2026-02-27 13:33:16:3316 [35mhttp[39m: [35mGET /api/v1/categories?categoryhandlepremium-ergonomic-office-chair 200 327 - 136.582 ms[39m
2026-02-27 13:33:33:3333 [35mhttp[39m: [35mGET /api/v1/categories?category=handlepremium-ergonomic-office-chair 200 327 - 71.606 ms[39m
2026-02-27 13:34:17:3417 [35mhttp[39m: [35mGET /api/v1/categories/products?category=handlepremium-ergonomic-office-chair 404 165 - 10.859 ms[39m
2026-02-27 13:34:34:3434 [35mhttp[39m: [35mGET /api/v1/categories/products?category=handlepremium-ergonomic-office-chair 404 165 - 3.761 ms[39m
2026-02-27 13:34:49:3449 [35mhttp[39m: [35mGET /api/v1/categories/products?categoryhandle=premium-ergonomic-office-chair 404 165 - 1.794 ms[39m
2026-02-27 13:35:03:353 [35mhttp[39m: [35mGET /api/v1/categories/products?categoryhandle=premium-ergonomic-office-chair 200 772 - 106.633 ms[39m
2026-02-27 13:36:17:3617 [35mhttp[39m: [35mGET /api/v1/categories/products?categoryhandle=premium-ergonomic-office-chair 500 1240 - 26.532 ms[39m
2026-02-27 13:37:01:371 [35mhttp[39m: [35mGET /api/v1/categories/products?categoryhandle=premium-ergonomic-office-chair 200 135 - 107.533 ms[39m
2026-02-27 13:40:34:4034 [35mhttp[39m: [35mGET /api/v1/categories/products?categoryhandle=premium-ergonomic-office-chair 200 75 - 86.633 ms[39m
2026-02-27 13:40:38:4038 [35mhttp[39m: [35mGET /api/v1/categories/products?categoryhandle=premium-ergonomic-office-chair 200 75 - 73.603 ms[39m
2026-02-27 13:41:05:415 [35mhttp[39m: [35mGET /api/v1/categories/products?categoryhandle=premium-ergonomic-office-chair 200 75 - 92.936 ms[39m
2026-02-27 13:43:11:4311 [35mhttp[39m: [35mGET /api/v1/categories/products 200 75 - 104.000 ms[39m
2026-02-27 13:43:23:4323 [35mhttp[39m: [35mGET /api/v1/categories/products 200 75 - 72.110 ms[39m
2026-02-27 13:43:34:4334 [35mhttp[39m: [35mGET /api/v1/categories/products 200 772 - 108.428 ms[39m
2026-02-27 13:44:14:4414 [35mhttp[39m: [35mGET /api/v1/categories/ 200 327 - 197.358 ms[39m
2026-02-27 13:44:44:4444 [35mhttp[39m: [35mGET /api/v1/categories/products?categoryhandle=pant 200 466 - 91.390 ms[39m
2026-02-27 13:47:33:4733 [35mhttp[39m: [35mGET /api/v1/categories/sync/12333 200 34 - 167.781 ms[39m
2026-02-27 13:49:08:498 [35mhttp[39m: [35mGET /api/v1/categories/sync/12333 404 167 - 28.622 ms[39m
2026-02-27 13:49:29:4929 [35mhttp[39m: [35mGET /api/v1/categories/sync/12333 404 167 - 4.438 ms[39m
2026-02-27 13:49:53:4953 [35mhttp[39m: [35mGET /api/v1/categories/sync/12333 500 1323 - 31.809 ms[39m
2026-02-27 13:50:05:505 [35mhttp[39m: [35mGET /api/v1/categories/sync/1233332 500 1323 - 5.869 ms[39m
2026-02-27 13:50:38:5038 [35mhttp[39m: [35mGET /api/v1/categories/sync/770616750 500 1323 - 2.919 ms[39m
2026-02-27 13:54:40:5440 [35mhttp[39m: [35mGET /api/v1/categories/sync/770616750 500 1403 - 21.456 ms[39m
2026-02-27 13:57:09:579 [35mhttp[39m: [35mGET /api/v1/categories/sync/770616750 500 679 - 148.515 ms[39m
2026-02-27 13:57:46:5746 [35mhttp[39m: [35mGET /api/v1/categories/sync/770616750 200 1747 - 271.773 ms[39m
2026-03-05 16:48:50:4850 [35mhttp[39m: [35mGET /api/v1/cart 401 1154 - 6.738 ms[39m
2026-03-05 16:48:59:4859 [35mhttp[39m: [35mPOST /api/v1/auth/login 200 437 - 385.633 ms[39m
2026-03-05 16:49:04:494 [35mhttp[39m: [35mGET /api/v1/cart 200 145 - 123.181 ms[39m
2026-03-05 16:52:35:5235 [35mhttp[39m: [35mGET /api/v1/cart 200 145 - 98.568 ms[39m
2026-03-05 16:52:43:5243 [35mhttp[39m: [35mPOST /api/v1/cart 200 114 - 607.011 ms[39m
2026-03-05 16:52:50:5250 [35mhttp[39m: [35mGET /api/v1/cart 200 796 - 337.237 ms[39m
2026-03-05 16:56:22:5622 [35mhttp[39m: [35mPOST /api/v1/checkout/create-checkout-session 500 477 - 1233.656 ms[39m
2026-03-05 16:59:17:5917 [35mhttp[39m: [35mPOST /api/v1/checkout/create-checkout-session 500 477 - 1854.930 ms[39m
2026-03-05 17:00:11:011 [35mhttp[39m: [35mPOST /api/v1/checkout/create-checkout-session 200 129 - 1378.992 ms[39m
2026-03-05 17:08:33:833 [35mhttp[39m: [35mPOST /api/v1/checkout/create-checkout-session 200 129 - 1695.448 ms[39m
2026-03-19 13:37:48:3748 [35mhttp[39m: [35mPOST /api/v1/auth/login 200 386 - 380.276 ms[39m
2026-03-19 13:38:40:3840 [35mhttp[39m: [35mGET /api/v1/products/ 200 879 - 69.087 ms[39m
2026-03-19 13:38:47:3847 [35mhttp[39m: [35mGET /api/v1/cart 200 145 - 79.816 ms[39m
2026-03-19 14:01:17:117 [35mhttp[39m: [35mPOST /api/v1/auth/refresh-token 500 1174 - 72.689 ms[39m
2026-03-19 14:01:17:117 [35mhttp[39m: [35mGET /api/v1/cart 401 1154 - 241.294 ms[39m
2026-03-19 14:01:17:117 [35mhttp[39m: [35mGET /api/v1/products?limit=8&sort=newest 200 879 - 356.654 ms[39m
2026-03-19 14:01:17:117 [35mhttp[39m: [35mGET /api/v1/products/featured?limit=6 404 438 - 344.533 ms[39m
2026-03-19 14:01:17:117 [35mhttp[39m: [35mGET /api/v1/categories 200 327 - 239.998 ms[39m
2026-03-19 14:01:47:147 [35mhttp[39m: [35mPOST /api/v1/auth/refresh-token 500 1174 - 2.766 ms[39m
2026-03-19 14:01:47:147 [35mhttp[39m: [35mGET /api/v1/categories 200 327 - 50.515 ms[39m
2026-03-19 14:02:12:212 [35mhttp[39m: [35mGET /api/v1/categories 200 327 - 35.515 ms[39m
2026-03-19 14:53:42:5342 [35mhttp[39m: [35mPOST /api/v1/auth/refresh-token 500 1174 - 39.875 ms[39m
2026-03-19 14:53:43:5343 [35mhttp[39m: [35mGET /api/v1/categories 200 327 - 367.208 ms[39m
2026-03-19 14:53:43:5343 [35mhttp[39m: [35mGET /api/v1/categories 200 327 - 46.117 ms[39m
2026-03-19 14:59:02:592 [35mhttp[39m: [35mPOST /api/v1/auth/refresh-token 500 1174 - 96.444 ms[39m
2026-03-19 14:59:02:592 [35mhttp[39m: [35mGET /api/v1/categories 200 327 - 125.108 ms[39m
2026-03-19 14:59:02:592 [35mhttp[39m: [35mGET /api/v1/categories 200 327 - 32.609 ms[39m
2026-03-19 16:49:31:4931 [35mhttp[39m: [35mPOST /api/v1/auth/refresh-token 500 1174 - 53.852 ms[39m
2026-03-19 16:49:32:4932 [35mhttp[39m: [35mGET /api/v1/categories 200 327 - 640.623 ms[39m
2026-03-19 16:49:32:4932 [35mhttp[39m: [35mGET /api/v1/categories 200 327 - 60.397 ms[39m
2026-03-19 12:23:44:2344 [35mhttp[39m: [35mGET /api/v1/products/ 200 723 - 203.210 ms[39m
2026-03-19 18:10:35:1035 [35mhttp[39m: [35mGET /api/v1/categories/sync/770616750 200 8226 - 113.964 ms[39m
2026-03-19 18:11:40:1140 [35mhttp[39m: [35mGET /api/v1/categories/ 200 327 - 35.832 ms[39m
2026-03-19 18:13:09:139 [35mhttp[39m: [35mGET /api/v1/categories/tree 403 628 - 44.400 ms[39m
2026-03-19 18:13:42:1342 [35mhttp[39m: [35mGET /api/v1/categories/tree 200 477 - 53.254 ms[39m
2026-03-19 18:14:26:1426 [35mhttp[39m: [35mPOST /api/v1/auth/refresh-token 500 1174 - 5.950 ms[39m
2026-03-19 18:14:26:1426 [35mhttp[39m: [35mGET /api/v1/products?limit=8&sort=newest 200 723 - 51.586 ms[39m
2026-03-19 18:14:26:1426 [35mhttp[39m: [35mGET /api/v1/products/featured?limit=6 404 438 - 55.736 ms[39m
2026-03-19 18:14:26:1426 [35mhttp[39m: [35mGET /api/v1/categories 200 327 - 41.345 ms[39m
2026-03-19 18:15:28:1528 [35mhttp[39m: [35mGET /api/v1/products?category=ready-to-wear&sort=newest 200 723 - 42.324 ms[39m
2026-03-19 18:15:43:1543 [35mhttp[39m: [35mGET /api/v1/products?limit=8&sort=newest 200 723 - 29.181 ms[39m
2026-03-19 18:15:43:1543 [35mhttp[39m: [35mGET /api/v1/products/featured?limit=6 404 438 - 35.245 ms[39m
2026-03-19 18:15:55:1555 [35mhttp[39m: [35mPOST /api/v1/cart 200 114 - 589.101 ms[39m
2026-03-19 18:16:45:1645 [35mhttp[39m: [35mOPTIONS /api/v1/auth/login 204 0 - 0.546 ms[39m
2026-03-19 18:17:14:1714 [35mhttp[39m: [35mPOST /api/v1/auth/refresh-token 500 1174 - 1.480 ms[39m
2026-03-19 18:17:14:1714 [35mhttp[39m: [35mGET /api/v1/categories 200 327 - 28.008 ms[39m
2026-03-19 18:17:35:1735 [35mhttp[39m: [35mGET /api/v1/categories 200 327 - 62.380 ms[39m
2026-03-21 02:22:27:2227 [35mhttp[39m: [35mPOST /api/v1/auth/refresh-token 500 1174 - 306.159 ms[39m
2026-03-21 02:22:28:2228 [35mhttp[39m: [35mGET /api/v1/products?limit=8&sort=newest 200 754 - 1792.389 ms[39m
2026-03-21 02:22:28:2228 [35mhttp[39m: [35mGET /api/v1/categories/tree?includeInactive=true 401 1163 - 2233.963 ms[39m
2026-03-21 02:22:29:2229 [35mhttp[39m: [35mGET /api/v1/products/featured?limit=6 404 438 - 2467.941 ms[39m
2026-03-21 02:22:51:2251 [35mhttp[39m: [35mPOST /api/v1/auth/refresh-token 500 1174 - 33.102 ms[39m
2026-03-21 02:22:51:2251 [35mhttp[39m: [35mGET /api/v1/categories/tree?includeInactive=true 401 1163 - 402.765 ms[39m
2026-03-21 02:22:52:2252 [35mhttp[39m: [35mGET /api/v1/products?limit=8&sort=newest 200 754 - 1032.842 ms[39m
2026-03-21 02:22:52:2252 [35mhttp[39m: [35mGET /api/v1/products/featured?limit=6 404 438 - 948.776 ms[39m
2026-03-21 02:24:25:2425 [35mhttp[39m: [35mPOST /api/v1/auth/refresh-token 500 1174 - 18.146 ms[39m
2026-03-21 02:24:25:2425 [35mhttp[39m: [35mGET /api/v1/products?limit=8&sort=newest 200 754 - 143.257 ms[39m
2026-03-21 02:24:25:2425 [35mhttp[39m: [35mGET /api/v1/products/featured?limit=6 404 438 - 138.931 ms[39m
2026-03-21 02:24:25:2425 [35mhttp[39m: [35mGET /api/v1/categories/tree?includeInactive=true 401 1163 - 114.912 ms[39m
2026-03-21 02:24:33:2433 [35mhttp[39m: [35mPOST /api/v1/auth/refresh-token 500 1174 - 0.764 ms[39m
2026-03-21 02:24:33:2433 [35mhttp[39m: [35mGET /api/v1/categories/tree?includeInactive=true 401 1163 - 1.227 ms[39m
2026-03-21 02:24:33:2433 [35mhttp[39m: [35mGET /api/v1/products?limit=8&sort=newest 200 754 - 28.799 ms[39m
2026-03-21 02:24:33:2433 [35mhttp[39m: [35mGET /api/v1/products/featured?limit=6 404 438 - 28.463 ms[39m
2026-03-21 02:25:36:2536 [35mhttp[39m: [35mPOST /api/v1/auth/refresh-token 500 1174 - 3.630 ms[39m
2026-03-21 02:25:36:2536 [35mhttp[39m: [35mGET /api/v1/products?limit=8&sort=newest 200 754 - 104.137 ms[39m
2026-03-21 02:25:36:2536 [35mhttp[39m: [35mGET /api/v1/categories/tree?includeInactive=true 401 1163 - 30.532 ms[39m
2026-03-21 02:25:36:2536 [35mhttp[39m: [35mGET /api/v1/products/featured?limit=6 404 438 - 116.538 ms[39m
2026-03-21 02:26:36:2636 [35mhttp[39m: [35mPOST /api/v1/auth/refresh-token 500 1174 - 21.792 ms[39m
2026-03-21 02:26:37:2637 [35mhttp[39m: [35mGET /api/v1/categories/tree?includeInactive=true 401 1163 - 69.145 ms[39m
2026-03-21 02:26:37:2637 [35mhttp[39m: [35mGET /api/v1/products/featured?limit=6 404 438 - 378.242 ms[39m
2026-03-21 02:26:37:2637 [35mhttp[39m: [35mGET /api/v1/products?limit=8&sort=newest 200 754 - 529.955 ms[39m
2026-03-21 02:28:23:2823 [35mhttp[39m: [35mPOST /api/v1/auth/refresh-token 500 1174 - 12.369 ms[39m
2026-03-21 02:28:23:2823 [35mhttp[39m: [35mGET /api/v1/products?limit=8&sort=newest 200 754 - 352.274 ms[39m
2026-03-21 02:28:23:2823 [35mhttp[39m: [35mGET /api/v1/categories/tree?includeInactive=true 401 1163 - 89.495 ms[39m
2026-03-21 02:28:23:2823 [35mhttp[39m: [35mGET /api/v1/products/featured?limit=6 404 438 - 255.614 ms[39m
2026-03-21 02:30:05:305 [35mhttp[39m: [35mPOST /api/v1/auth/refresh-token 500 1174 - 19.406 ms[39m
2026-03-21 02:30:06:306 [35mhttp[39m: [35mGET /api/v1/products?limit=8&sort=newest 304 - - 552.111 ms[39m
2026-03-21 02:30:06:306 [35mhttp[39m: [35mGET /api/v1/categories/tree?includeInactive=true 200 477 - 387.897 ms[39m
2026-03-21 02:30:06:306 [35mhttp[39m: [35mGET /api/v1/products/featured?limit=6 404 438 - 419.931 ms[39m
2026-03-21 02:30:20:3020 [35mhttp[39m: [35mGET /api/v1/products?category=pant&sort=newest 200 754 - 30.878 ms[39m
2026-03-21 02:31:21:3121 [35mhttp[39m: [35mPOST /api/v1/auth/refresh-token 500 1174 - 35.002 ms[39m
2026-03-21 02:31:21:3121 [35mhttp[39m: [35mGET /api/v1/products?category=pant&sort=newest 304 - - 231.801 ms[39m
2026-03-21 02:31:21:3121 [35mhttp[39m: [35mGET /api/v1/categories/tree?includeInactive=true 304 - - 77.849 ms[39m
2026-03-21 02:31:40:3140 [35mhttp[39m: [35mGET /api/v1/products/698dae3dd4dce28336e9d192 200 1770 - 69.387 ms[39m
2026-03-21 02:31:40:3140 [35mhttp[39m: [35mGET /api/v1/products?category=Pant&limit=4 200 754 - 35.410 ms[39m
2026-03-21 02:32:34:3234 [35mhttp[39m: [35mOPTIONS /api/v1/auth/login 204 0 - 5.841 ms[39m
2026-03-21 02:32:35:3235 [35mhttp[39m: [35mPOST /api/v1/auth/login 200 383 - 538.749 ms[39m
2026-03-21 02:32:35:3235 [35mhttp[39m: [35mGET /api/v1/products?limit=8&sort=newest 304 - - 51.832 ms[39m
2026-03-21 02:32:35:3235 [35mhttp[39m: [35mGET /api/v1/products/featured?limit=6 404 438 - 73.710 ms[39m
2026-03-21 02:32:35:3235 [35mhttp[39m: [35mGET /api/v1/cart 200 145 - 308.741 ms[39m
2026-03-21 02:32:41:3241 [35mhttp[39m: [35mGET /api/v1/products/698dae3dd4dce28336e9d192 304 - - 34.584 ms[39m
2026-03-21 02:32:41:3241 [35mhttp[39m: [35mGET /api/v1/products?category=Pant&limit=4 304 - - 31.666 ms[39m
2026-03-21 02:32:47:3247 [35mhttp[39m: [35mGET /api/v1/products/698dae3dd4dce28336e9d192 304 - - 31.021 ms[39m
2026-03-21 02:32:47:3247 [35mhttp[39m: [35mPOST /api/v1/auth/refresh-token 401 422 - 29.649 ms[39m
2026-03-21 02:32:47:3247 [35mhttp[39m: [35mGET /api/v1/categories/tree?includeInactive=true 304 - - 29.760 ms[39m
2026-03-21 02:32:47:3247 [35mhttp[39m: [35mGET /api/v1/cart 304 - - 135.479 ms[39m
2026-03-21 02:32:48:3248 [35mhttp[39m: [35mGET /api/v1/products?category=Pant&limit=4 304 - - 32.712 ms[39m
2026-03-21 02:34:09:349 [35mhttp[39m: [35mGET /api/v1/products?limit=8&sort=newest 304 - - 61.728 ms[39m
2026-03-21 02:34:09:349 [35mhttp[39m: [35mGET /api/v1/products/featured?limit=6 404 438 - 89.540 ms[39m
2026-03-21 02:34:09:349 [35mhttp[39m: [35mGET /api/v1/categories/tree?includeInactive=true 304 - - 95.912 ms[39m
2026-03-21 02:34:09:349 [35mhttp[39m: [35mPOST /api/v1/auth/refresh-token 401 422 - 127.929 ms[39m
2026-03-21 02:36:30:3630 [35mhttp[39m: [35mGET /api/v1/products/ 200 754 - 279.306 ms[39m
2026-03-21 02:36:52:3652 [35mhttp[39m: [35mGET /api/v1/products/featured 404 438 - 44.289 ms[39m
2026-03-21 02:38:58:3858 [35mhttp[39m: [35mGET /api/v1/products/featured 404 438 - 131.991 ms[39m
2026-03-21 02:39:23:3923 [35mhttp[39m: [35mGET /api/v1/products/sync 200 3904 - 219.869 ms[39m
2026-03-21 02:40:47:4047 [35mhttp[39m: [35mGET /api/v1/products/featured 404 438 - 55.050 ms[39m
2026-03-21 02:42:15:4215 [35mhttp[39m: [35mGET /api/v1/products/popular 404 438 - 204.981 ms[39m
2026-03-21 02:43:12:4312 [35mhttp[39m: [35mGET /api/v1/products/featureds 404 438 - 49.115 ms[39m
2026-03-21 02:43:50:4350 [35mhttp[39m: [35mGET /api/v1/products/featureds 404 438 - 57.356 ms[39m
2026-03-21 02:45:21:4521 [35mhttp[39m: [35mGET /api/v1/products/featureds 404 438 - 40.606 ms[39m
2026-03-21 02:45:48:4548 [35mhttp[39m: [35mGET /api/v1/products/featureds 404 438 - 71.473 ms[39m
2026-03-21 02:46:01:461 [35mhttp[39m: [35mGET /api/v1/products/featured 500 1244 - 6.305 ms[39m
2026-03-21 02:52:39:5239 [35mhttp[39m: [35mGET /api/v1/products/featured 200 531 - 84.041 ms[39m
2026-03-21 02:54:23:5423 [35mhttp[39m: [35mGET /api/v1/products/featured 500 1264 - 13.526 ms[39m
2026-03-21 02:55:23:5523 [35mhttp[39m: [35mGET /api/v1/products/featured 200 531 - 123.737 ms[39m
2026-03-21 02:56:17:5617 [35mhttp[39m: [35mGET /api/v1/products/featured 200 531 - 98.143 ms[39m
2026-03-21 02:57:17:5717 [35mhttp[39m: [35mGET /api/v1/products?isFeatured=true 200 754 - 109.566 ms[39m
2026-03-21 02:59:17:5917 [35mhttp[39m: [35mGET /api/v1/products/featured 200 531 - 77.031 ms[39m
2026-03-21 03:02:53:253 [35mhttp[39m: [35mOPTIONS /api/v1/auth/login 204 0 - 2.974 ms[39m
2026-03-21 03:02:53:253 [35mhttp[39m: [35mPOST /api/v1/auth/login 200 383 - 287.556 ms[39m
2026-03-21 03:02:54:254 [35mhttp[39m: [35mGET /api/v1/products?limit=8&sort=newest 304 - - 60.406 ms[39m
2026-03-21 03:02:54:254 [35mhttp[39m: [35mGET /api/v1/products/featured?limit=6 404 438 - 70.845 ms[39m
2026-03-21 03:02:54:254 [35mhttp[39m: [35mGET /api/v1/cart 304 - - 252.998 ms[39m
2026-03-21 03:03:09:39 [35mhttp[39m: [35mOPTIONS /api/v1/cart/add 204 0 - 0.118 ms[39m
2026-03-21 03:03:09:39 [35mhttp[39m: [35mPOST /api/v1/cart/add 404 155 - 46.474 ms[39m
2026-03-21 03:03:35:335 [35mhttp[39m: [35mOPTIONS /api/v1/cart/add 204 0 - 0.335 ms[39m
2026-03-21 03:03:36:336 [35mhttp[39m: [35mPOST /api/v1/cart/add 404 155 - 372.834 ms[39m
2026-03-21 03:03:38:338 [35mhttp[39m: [35mGET /api/v1/products/698dae3dd4dce28336e9d192 304 - - 320.709 ms[39m
2026-03-21 03:03:38:338 [35mhttp[39m: [35mGET /api/v1/products?category=Pant&limit=4 304 - - 39.647 ms[39m
2026-03-21 03:03:41:341 [35mhttp[39m: [35mOPTIONS /api/v1/cart/add 204 0 - 0.513 ms[39m
2026-03-21 03:03:41:341 [35mhttp[39m: [35mPOST /api/v1/cart/add 404 155 - 54.293 ms[39m
2026-03-21 03:05:17:517 [35mhttp[39m: [35mOPTIONS /api/v1/cart/add 204 0 - 39.295 ms[39m
2026-03-21 03:05:18:518 [35mhttp[39m: [35mPOST /api/v1/cart/add 404 155 - 224.049 ms[39m
2026-03-21 03:05:19:519 [35mhttp[39m: [35mGET /api/v1/products/698dae3dd4dce28336e9d192 304 - - 83.070 ms[39m
2026-03-21 03:05:19:519 [35mhttp[39m: [35mGET /api/v1/products?category=Pant&limit=4 304 - - 90.682 ms[39m
2026-03-21 03:05:20:520 [35mhttp[39m: [35mGET /api/v1/cart 304 - - 591.542 ms[39m
2026-03-21 03:05:30:530 [35mhttp[39m: [35mPOST /api/v1/auth/refresh-token 401 422 - 161.405 ms[39m
2026-03-21 03:05:30:530 [35mhttp[39m: [35mGET /api/v1/products/698dae3dd4dce28336e9d192 304 - - 80.533 ms[39m
2026-03-21 03:05:30:530 [35mhttp[39m: [35mGET /api/v1/categories/tree?includeInactive=true 304 - - 87.866 ms[39m
2026-03-21 03:05:30:530 [35mhttp[39m: [35mGET /api/v1/cart 304 - - 296.638 ms[39m
2026-03-21 03:05:31:531 [35mhttp[39m: [35mGET /api/v1/products?category=Pant&limit=4 304 - - 78.335 ms[39m
2026-03-21 03:05:48:548 [35mhttp[39m: [35mOPTIONS /api/v1/auth/login 204 0 - 0.529 ms[39m
2026-03-21 03:05:48:548 [35mhttp[39m: [35mPOST /api/v1/auth/login 200 383 - 181.848 ms[39m
2026-03-21 03:05:49:549 [35mhttp[39m: [35mGET /api/v1/products/featured?limit=6 404 438 - 45.229 ms[39m
2026-03-21 03:05:49:549 [35mhttp[39m: [35mGET /api/v1/products?limit=8&sort=newest 304 - - 52.173 ms[39m
2026-03-21 03:05:49:549 [35mhttp[39m: [35mGET /api/v1/cart 304 - - 253.055 ms[39m
2026-03-21 03:05:53:553 [35mhttp[39m: [35mOPTIONS /api/v1/cart 204 0 - 0.171 ms[39m
2026-03-21 03:05:53:553 [35mhttp[39m: [35mPOST /api/v1/cart 400 1159 - 64.386 ms[39m
2026-03-21 03:06:47:647 [35mhttp[39m: [35mOPTIONS /api/v1/cart 204 0 - 5.577 ms[39m
2026-03-21 03:06:47:647 [35mhttp[39m: [35mPOST /api/v1/cart 400 1159 - 129.048 ms[39m
2026-03-21 03:07:05:75 [35mhttp[39m: [35mGET /api/v1/products/698dae3dd4dce28336e9d192 304 - - 103.204 ms[39m
2026-03-21 03:07:05:75 [35mhttp[39m: [35mGET /api/v1/products?category=Pant&limit=4 304 - - 56.314 ms[39m
2026-03-21 03:07:10:710 [35mhttp[39m: [35mOPTIONS /api/v1/cart 204 0 - 0.210 ms[39m
2026-03-21 03:07:10:710 [35mhttp[39m: [35mPOST /api/v1/cart 200 114 - 482.892 ms[39m
2026-03-21 03:07:11:711 [35mhttp[39m: [35mGET /api/v1/cart 200 786 - 301.864 ms[39m
2026-03-21 03:08:45:845 [35mhttp[39m: [35mPOST /api/v1/checkout/create-checkout-session 200 129 - 1465.089 ms[39m
2026-03-21 03:08:47:847 [35mhttp[39m: [35mOPTIONS /api/v1/cart/clear 204 0 - 0.228 ms[39m
2026-03-21 03:08:47:847 [35mhttp[39m: [35mDELETE /api/v1/cart/clear 404 159 - 50.608 ms[39m
2026-03-21 03:08:47:847 [35mhttp[39m: [35mGET /api/v1/orders 404 152 - 3.087 ms[39m
2026-03-21 03:09:57:957 [35mhttp[39m: [35mOPTIONS /api/v1/cart/update/69bdbe06e424821bb116b541 204 0 - 1.705 ms[39m
2026-03-21 03:09:57:957 [35mhttp[39m: [35mPATCH /api/v1/cart/update/69bdbe06e424821bb116b541 404 184 - 69.401 ms[39m
2026-03-21 03:10:08:108 [35mhttp[39m: [35mPOST /api/v1/checkout/create-checkout-session 200 129 - 1068.153 ms[39m
2026-03-21 03:10:10:1010 [35mhttp[39m: [35mOPTIONS /api/v1/cart/clear 204 0 - 0.096 ms[39m
2026-03-21 03:10:10:1010 [35mhttp[39m: [35mGET /api/v1/orders 404 152 - 2.330 ms[39m
2026-03-21 03:10:10:1010 [35mhttp[39m: [35mDELETE /api/v1/cart/clear 404 159 - 45.254 ms[39m
2026-03-21 03:16:06:166 [35mhttp[39m: [35mPOST /api/v1/checkout/create-checkout-session 200 377 - 1780.974 ms[39m
2026-03-21 03:16:08:168 [35mhttp[39m: [35mOPTIONS /api/v1/cart/clear 204 0 - 0.912 ms[39m
2026-03-21 03:16:08:168 [35mhttp[39m: [35mDELETE /api/v1/cart/clear 404 159 - 54.999 ms[39m
2026-03-21 03:16:08:168 [35mhttp[39m: [35mGET /api/v1/orders 404 152 - 23.094 ms[39m
2026-03-21 03:17:54:1754 [35mhttp[39m: [35mPOST /api/v1/checkout/create-checkout-session 200 325 - 1066.086 ms[39m
2026-03-21 03:17:56:1756 [35mhttp[39m: [35mOPTIONS /api/v1/cart/clear 204 0 - 1.098 ms[39m
2026-03-21 03:17:57:1757 [35mhttp[39m: [35mDELETE /api/v1/cart/clear 404 159 - 52.992 ms[39m
2026-03-21 03:17:57:1757 [35mhttp[39m: [35mGET /api/v1/orders 404 152 - 4.648 ms[39m
2026-03-21 03:21:49:2149 [35mhttp[39m: [35mPOST /api/v1/checkout/create-checkout-session 200 314 - 1126.209 ms[39m
2026-03-21 03:21:51:2151 [35mhttp[39m: [35mOPTIONS /api/v1/cart/clear 204 0 - 0.883 ms[39m
2026-03-21 03:21:51:2151 [35mhttp[39m: [35mGET /api/v1/orders 404 152 - 11.213 ms[39m
2026-03-21 03:21:51:2151 [35mhttp[39m: [35mDELETE /api/v1/cart/clear 404 159 - 65.262 ms[39m
2026-03-21 03:24:13:2413 [35mhttp[39m: [35mPOST /api/v1/checkout/create-checkout-session 200 314 - 1530.177 ms[39m
2026-03-21 03:26:53:2653 [35mhttp[39m: [35mPOST /api/v1/auth/refresh-token 401 422 - 94.447 ms[39m
2026-03-21 03:26:53:2653 [35mhttp[39m: [35mGET /api/v1/categories/tree?includeInactive=true 304 - - 86.644 ms[39m
2026-03-21 03:26:53:2653 [35mhttp[39m: [35mGET /api/v1/cart 304 - - 482.205 ms[39m
2026-03-21 03:26:55:2655 [35mhttp[39m: [35mPOST /api/v1/auth/refresh-token 401 422 - 44.891 ms[39m
2026-03-21 03:26:55:2655 [35mhttp[39m: [35mGET /api/v1/categories/tree?includeInactive=true 304 - - 59.558 ms[39m
2026-03-21 03:27:01:271 [35mhttp[39m: [35mGET /api/v1/categories/tree?includeInactive=true 304 - - 47.300 ms[39m
2026-03-21 03:27:01:271 [35mhttp[39m: [35mPOST /api/v1/auth/refresh-token 401 422 - 51.643 ms[39m
2026-03-21 03:28:24:2824 [35mhttp[39m: [35mGET /api/v1/products?isNew=true&sort=newest 200 754 - 157.444 ms[39m
2026-03-21 03:28:32:2832 [35mhttp[39m: [35mOPTIONS /api/v1/auth/login 204 0 - 0.316 ms[39m
2026-03-21 03:28:32:2832 [35mhttp[39m: [35mPOST /api/v1/auth/login 200 383 - 339.879 ms[39m
2026-03-21 03:28:32:2832 [35mhttp[39m: [35mGET /api/v1/products?limit=8&sort=newest 304 - - 51.001 ms[39m
2026-03-21 03:28:32:2832 [35mhttp[39m: [35mGET /api/v1/products/featured?limit=6 404 438 - 56.312 ms[39m
2026-03-21 03:28:33:2833 [35mhttp[39m: [35mGET /api/v1/cart 304 - - 975.793 ms[39m
2026-03-21 03:28:45:2845 [35mhttp[39m: [35mPOST /api/v1/checkout/create-checkout-session 200 314 - 1049.466 ms[39m
2026-03-21 03:29:45:2945 [35mhttp[39m: [35mPOST /api/v1/checkout/create-checkout-session 200 314 - 961.050 ms[39m
2026-03-21 03:30:21:3021 [35mhttp[39m: [35mPOST /api/v1/checkout/create-checkout-session 200 314 - 984.089 ms[39m
2026-03-21 03:30:54:3054 [35mhttp[39m: [35mPOST /api/v1/checkout/create-checkout-session 200 314 - 2325.271 ms[39m
2026-03-21 03:34:18:3418 [35mhttp[39m: [35mPOST /api/v1/auth/refresh-token 401 422 - 71.344 ms[39m
2026-03-21 03:34:18:3418 [35mhttp[39m: [35mGET /api/v1/categories/tree?includeInactive=true 304 - - 101.506 ms[39m
2026-03-21 03:34:18:3418 [35mhttp[39m: [35mGET /api/v1/cart 304 - - 522.632 ms[39m
2026-03-21 03:34:30:3430 [35mhttp[39m: [35mOPTIONS /api/v1/auth/login 204 0 - 0.678 ms[39m
2026-03-21 03:34:31:3431 [35mhttp[39m: [35mPOST /api/v1/auth/login 200 383 - 179.985 ms[39m
2026-03-21 03:34:31:3431 [35mhttp[39m: [35mGET /api/v1/products?limit=8&sort=newest 304 - - 55.078 ms[39m
2026-03-21 03:34:31:3431 [35mhttp[39m: [35mGET /api/v1/products/featured?limit=6 404 438 - 60.190 ms[39m
2026-03-21 03:34:31:3431 [35mhttp[39m: [35mGET /api/v1/cart 304 - - 293.389 ms[39m
2026-03-21 03:34:40:3440 [35mhttp[39m: [35mPOST /api/v1/checkout/create-checkout-session 200 314 - 1080.139 ms[39m
2026-03-21 03:48:37:4837 [35mhttp[39m: [35mPOST /api/v1/checkout/create-checkout-session 200 314 - 1622.418 ms[39m
2026-03-21 03:52:47:5247 [35mhttp[39m: [35mPOST /api/v1/checkout/create-checkout-session 200 314 - 1472.274 ms[39m
2026-03-21 03:55:45:5545 [35mhttp[39m: [35mPOST /api/v1/auth/refresh-token 401 422 - 84.475 ms[39m
2026-03-21 03:55:45:5545 [35mhttp[39m: [35mGET /api/v1/categories/tree?includeInactive=true 304 - - 123.803 ms[39m
2026-03-21 03:55:45:5545 [35mhttp[39m: [35mGET /api/v1/cart 304 - - 847.358 ms[39m
2026-03-21 03:56:09:569 [35mhttp[39m: [35mOPTIONS /api/v1/auth/login 204 0 - 0.704 ms[39m
2026-03-21 03:56:10:5610 [35mhttp[39m: [35mPOST /api/v1/auth/login 200 383 - 290.426 ms[39m
2026-03-21 03:56:10:5610 [35mhttp[39m: [35mGET /api/v1/cart 304 - - 338.078 ms[39m
2026-03-21 03:56:15:5615 [35mhttp[39m: [35mPOST /api/v1/checkout/create-checkout-session 200 314 - 1259.646 ms[39m
2026-03-21 03:57:57:5757 [35mhttp[39m: [35mPOST /api/v1/auth/refresh-token 401 422 - 76.816 ms[39m
2026-03-21 03:57:57:5757 [35mhttp[39m: [35mGET /api/v1/categories/tree?includeInactive=true 304 - - 124.191 ms[39m
2026-03-21 03:57:58:5758 [35mhttp[39m: [35mGET /api/v1/cart 304 - - 534.696 ms[39m
2026-03-21 03:58:16:5816 [35mhttp[39m: [35mOPTIONS /api/v1/auth/login 204 0 - 0.502 ms[39m
2026-03-21 03:58:16:5816 [35mhttp[39m: [35mPOST /api/v1/auth/login 200 383 - 198.631 ms[39m
2026-03-21 03:58:16:5816 [35mhttp[39m: [35mGET /api/v1/products?limit=8&sort=newest 304 - - 66.940 ms[39m
2026-03-21 03:58:16:5816 [35mhttp[39m: [35mGET /api/v1/products/featured?limit=6 404 438 - 75.301 ms[39m
2026-03-21 03:58:16:5816 [35mhttp[39m: [35mGET /api/v1/cart 304 - - 308.599 ms[39m
2026-03-21 03:58:34:5834 [35mhttp[39m: [35mPOST /api/v1/checkout/create-checkout-session 200 314 - 1124.556 ms[39m
2026-03-21 03:59:20:5920 [35mhttp[39m: [35mGET /api/v1/categories/tree?includeInactive=true 304 - - 41.994 ms[39m
2026-03-21 03:59:20:5920 [35mhttp[39m: [35mPOST /api/v1/auth/refresh-token 401 422 - 50.210 ms[39m
2026-03-21 03:59:20:5920 [35mhttp[39m: [35mGET /api/v1/cart 304 - - 273.912 ms[39m
2026-03-21 04:13:16:1316 [35mhttp[39m: [35mPOST /api/v1/auth/refresh-token 401 422 - 65.057 ms[39m
2026-03-21 04:13:16:1316 [35mhttp[39m: [35mGET /api/v1/categories/tree?includeInactive=true 304 - - 77.054 ms[39m
2026-03-21 04:37:42:3742 [35mhttp[39m: [35mOPTIONS /api/v1/auth/login 204 0 - 2.759 ms[39m
2026-03-21 04:37:42:3742 [35mhttp[39m: [35mPOST /api/v1/auth/login 200 383 - 232.443 ms[39m
2026-03-21 04:37:42:3742 [35mhttp[39m: [35mGET /api/v1/products?limit=8&sort=newest 304 - - 57.378 ms[39m
2026-03-21 04:37:42:3742 [35mhttp[39m: [35mGET /api/v1/products/featured?limit=6 404 438 - 73.435 ms[39m
2026-03-21 04:37:43:3743 [35mhttp[39m: [35mGET /api/v1/cart 304 - - 314.472 ms[39m
2026-03-21 04:37:53:3753 [35mhttp[39m: [35mPOST /api/v1/checkout/create-checkout-session 200 314 - 1076.663 ms[39m
2026-03-21 04:40:37:4037 [35mhttp[39m: [35mPOST /api/v1/checkout/create-checkout-session 200 314 - 939.919 ms[39m
2026-03-21 04:41:53:4153 [35mhttp[39m: [35mPOST /api/v1/auth/refresh-token 401 422 - 49.058 ms[39m
2026-03-21 04:41:56:4156 [35mhttp[39m: [35mPOST /api/v1/auth/refresh-token 401 422 - 70.379 ms[39m
2026-03-21 04:59:59:5959 [35mhttp[39m: [35mPOST /api/v1/webhook//checkoutOrder 404 169 - 16.485 ms[39m
2026-03-21 05:00:16:016 [35mhttp[39m: [35mPOST /api/v1/webhook/checkoutOrder 500 44 - 67.462 ms[39m
2026-03-21 05:03:04:34 [35mhttp[39m: [35mOPTIONS /api/v1/auth/login 204 0 - 0.940 ms[39m
2026-03-21 05:03:05:35 [35mhttp[39m: [35mPOST /api/v1/auth/login 200 383 - 385.667 ms[39m
2026-03-21 05:03:05:35 [35mhttp[39m: [35mGET /api/v1/products/featured?limit=6 404 438 - 74.279 ms[39m
2026-03-21 05:03:05:35 [35mhttp[39m: [35mGET /api/v1/products?limit=8&sort=newest 304 - - 87.541 ms[39m
2026-03-21 05:03:05:35 [35mhttp[39m: [35mGET /api/v1/cart 304 - - 377.554 ms[39m
2026-03-21 05:03:12:312 [35mhttp[39m: [35mPOST /api/v1/checkout/create-checkout-session 200 314 - 1181.524 ms[39m
2026-03-21 05:15:50:1550 [35mhttp[39m: [35mPOST /api/v1/auth/refresh-token 401 422 - 66.508 ms[39m
2026-03-21 05:26:19:2619 [35mhttp[39m: [35mOPTIONS /api/v1/auth/login 204 0 - 2.591 ms[39m
2026-03-21 05:26:19:2619 [35mhttp[39m: [35mPOST /api/v1/auth/login 200 383 - 229.321 ms[39m
2026-03-21 05:26:20:2620 [35mhttp[39m: [35mGET /api/v1/products/featured?limit=6 404 438 - 70.159 ms[39m
2026-03-21 05:26:20:2620 [35mhttp[39m: [35mGET /api/v1/products?limit=8&sort=newest 304 - - 75.801 ms[39m
2026-03-21 05:26:20:2620 [35mhttp[39m: [35mGET /api/v1/cart 304 - - 337.606 ms[39m
2026-03-21 05:26:28:2628 [35mhttp[39m: [35mPOST /api/v1/checkout/create-checkout-session 500 346 - 584.779 ms[39m
2026-03-21 05:29:24:2924 [35mhttp[39m: [35mPOST /api/v1/checkout/create-checkout-session 200 314 - 1137.124 ms[39m
2026-03-21 05:35:19:3519 [35mhttp[39m: [35mPOST /api/v1/auth/refresh-token 401 422 - 73.715 ms[39m
2026-03-21 05:35:23:3523 [35mhttp[39m: [35mPOST /api/v1/auth/refresh-token 401 422 - 53.044 ms[39m
2026-03-21 05:35:34:3534 [35mhttp[39m: [35mOPTIONS /api/v1/auth/login 204 0 - 0.219 ms[39m
2026-03-21 05:35:34:3534 [35mhttp[39m: [35mPOST /api/v1/auth/login 200 383 - 215.301 ms[39m
2026-03-21 05:35:34:3534 [35mhttp[39m: [35mGET /api/v1/products?limit=8&sort=newest 304 - - 61.188 ms[39m
2026-03-21 05:35:34:3534 [35mhttp[39m: [35mGET /api/v1/products/featured?limit=6 404 438 - 64.347 ms[39m
2026-03-21 05:35:35:3535 [35mhttp[39m: [35mGET /api/v1/cart 304 - - 317.508 ms[39m
2026-03-21 05:36:09:369 [35mhttp[39m: [35mPOST /api/v1/checkout/create-checkout-session 200 314 - 989.862 ms[39m
2026-03-21 05:41:46:4146 [35mhttp[39m: [35mPOST /api/v1/checkout/create-checkout-session 200 314 - 1068.014 ms[39m
2026-03-21 05:44:55:4455 [35mhttp[39m: [35mGET /api/v1/products/featured?limit=6 404 438 - 63.141 ms[39m
2026-03-21 05:44:55:4455 [35mhttp[39m: [35mGET /api/v1/products?limit=8&sort=newest 304 - - 64.934 ms[39m
2026-03-21 05:45:02:452 [35mhttp[39m: [35mPOST /api/v1/checkout/create-checkout-session 200 314 - 1082.407 ms[39m
2026-03-21 05:49:39:4939 [35mhttp[39m: [35mPOST /api/v1/auth/refresh-token 401 422 - 109.246 ms[39m
2026-03-21 05:49:39:4939 [35mhttp[39m: [35mGET /api/v1/products?limit=8&sort=newest 304 - - 181.030 ms[39m
2026-03-21 05:49:39:4939 [35mhttp[39m: [35mGET /api/v1/products/featured?limit=6 404 438 - 122.281 ms[39m
2026-03-21 05:49:39:4939 [35mhttp[39m: [35mGET /api/v1/categories/tree?includeInactive=true 304 - - 74.917 ms[39m
2026-03-21 05:49:39:4939 [35mhttp[39m: [35mGET /api/v1/cart 304 - - 357.664 ms[39m
2026-03-21 05:50:27:5027 [35mhttp[39m: [35mOPTIONS /api/v1/auth/login 204 0 - 3.497 ms[39m
2026-03-21 05:50:27:5027 [35mhttp[39m: [35mPOST /api/v1/auth/login 200 383 - 247.376 ms[39m
2026-03-21 05:50:28:5028 [35mhttp[39m: [35mGET /api/v1/products/featured?limit=6 404 438 - 47.017 ms[39m
2026-03-21 05:50:28:5028 [35mhttp[39m: [35mGET /api/v1/products?limit=8&sort=newest 304 - - 50.875 ms[39m
2026-03-21 05:50:28:5028 [35mhttp[39m: [35mGET /api/v1/cart 304 - - 318.763 ms[39m
2026-03-21 05:50:35:5035 [35mhttp[39m: [35mPOST /api/v1/checkout/create-checkout-session 200 314 - 1045.220 ms[39m
2026-03-21 05:51:30:5130 [35mhttp[39m: [35mPOST /api/v1/checkout/create-checkout-session 200 314 - 919.911 ms[39m
2026-03-21 05:51:45:5145 [35mhttp[39m: [35mPOST /api/v1/checkout/create-checkout-session 200 314 - 1027.819 ms[39m
2026-03-21 05:52:23:5223 [35mhttp[39m: [35mPOST /api/v1/checkout/create-checkout-session 200 314 - 824.168 ms[39m
2026-03-22 18:59:13:5913 [35mhttp[39m: [35mPOST /api/v1/auth/refresh-token 401 422 - 125.858 ms[39m
2026-03-22 18:59:13:5913 [35mhttp[39m: [35mGET /api/v1/categories/tree?includeInactive=true 304 - - 117.620 ms[39m
2026-03-22 18:59:26:5926 [35mhttp[39m: [35mGET /api/v1/products/featured?limit=6 404 438 - 72.058 ms[39m
2026-03-22 18:59:26:5926 [35mhttp[39m: [35mGET /api/v1/categories/tree?includeInactive=true 304 - - 66.673 ms[39m
2026-03-22 18:59:26:5926 [35mhttp[39m: [35mPOST /api/v1/auth/refresh-token 401 422 - 70.879 ms[39m
2026-03-22 18:59:26:5926 [35mhttp[39m: [35mGET /api/v1/products?limit=8&sort=newest 304 - - 86.530 ms[39m
2026-03-22 19:09:16:916 [35mhttp[39m: [35mGET /api/v1/products?limit=8&sort=newest 304 - - 533.852 ms[39m
2026-03-22 19:09:16:916 [35mhttp[39m: [35mPOST /api/v1/auth/refresh-token 401 422 - 449.711 ms[39m
2026-03-22 19:09:16:916 [35mhttp[39m: [35mGET /api/v1/products/featured?limit=6 404 438 - 466.705 ms[39m
2026-03-22 19:09:16:916 [35mhttp[39m: [35mGET /api/v1/categories/tree?includeInactive=true 304 - - 262.649 ms[39m
2026-03-22 19:10:27:1027 [35mhttp[39m: [35mPOST /api/v1/auth/ 404 152 - 2.925 ms[39m
2026-03-22 19:10:27:1027 [35mhttp[39m: [35mGET /api/v1/products?limit=8&sort=newest 304 - - 82.175 ms[39m
2026-03-22 19:10:27:1027 [35mhttp[39m: [35mGET /api/v1/products/featured?limit=6 404 438 - 76.613 ms[39m
2026-03-22 19:10:27:1027 [35mhttp[39m: [35mGET /api/v1/categories/tree?includeInactive=true 304 - - 60.519 ms[39m
2026-03-22 19:10:28:1028 [35mhttp[39m: [35mGET /api/v1/products?limit=8&sort=newest 304 - - 68.648 ms[39m
2026-03-22 19:10:28:1028 [35mhttp[39m: [35mGET /api/v1/products/featured?limit=6 404 438 - 66.849 ms[39m
2026-03-22 19:10:28:1028 [35mhttp[39m: [35mGET /api/v1/categories/tree?includeInactive=true 304 - - 49.577 ms[39m
2026-03-22 19:10:28:1028 [35mhttp[39m: [35mPOST /api/v1/auth/refresh-token 401 423 - 76.059 ms[39m
2026-03-22 19:10:40:1040 [35mhttp[39m: [35mGET /api/v1/products/featured?limit=6 404 438 - 54.811 ms[39m
2026-03-22 19:10:40:1040 [35mhttp[39m: [35mPOST /api/v1/auth/refresh-token 401 423 - 54.907 ms[39m
2026-03-22 19:10:40:1040 [35mhttp[39m: [35mGET /api/v1/categories/tree?includeInactive=true 304 - - 80.646 ms[39m
2026-03-22 19:10:40:1040 [35mhttp[39m: [35mGET /api/v1/products?limit=8&sort=newest 304 - - 112.343 ms[39m
2026-03-22 19:10:51:1051 [35mhttp[39m: [35mPOST /api/v1/auth/me 404 154 - 0.832 ms[39m
2026-03-22 19:10:51:1051 [35mhttp[39m: [35mGET /api/v1/products?limit=8&sort=newest 304 - - 65.805 ms[39m
2026-03-22 19:10:51:1051 [35mhttp[39m: [35mGET /api/v1/categories/tree?includeInactive=true 304 - - 57.346 ms[39m
2026-03-22 19:10:51:1051 [35mhttp[39m: [35mGET /api/v1/products/featured?limit=6 404 438 - 68.102 ms[39m
2026-03-22 19:10:58:1058 [35mhttp[39m: [35mPOST /api/v1/auth/me 404 154 - 2.853 ms[39m
2026-03-22 19:10:58:1058 [35mhttp[39m: [35mGET /api/v1/categories/tree?includeInactive=true 304 - - 75.029 ms[39m
2026-03-22 19:10:58:1058 [35mhttp[39m: [35mGET /api/v1/products/featured?limit=6 404 438 - 86.641 ms[39m
2026-03-22 19:10:58:1058 [35mhttp[39m: [35mGET /api/v1/products?limit=8&sort=newest 304 - - 95.927 ms[39m
2026-03-22 19:12:07:127 [35mhttp[39m: [35mPOST /api/v1/auth/me 404 154 - 5.357 ms[39m
2026-03-22 19:12:07:127 [35mhttp[39m: [35mGET /api/v1/products?limit=8&sort=newest 304 - - 89.359 ms[39m
2026-03-22 19:12:07:127 [35mhttp[39m: [35mGET /api/v1/products/featured?limit=6 404 438 - 80.677 ms[39m
2026-03-22 19:12:07:127 [35mhttp[39m: [35mGET /api/v1/categories/tree?includeInactive=true 304 - - 89.226 ms[39m
2026-03-22 19:12:54:1254 [35mhttp[39m: [35mGET /api/v1/auth/me 401 1163 - 51.567 ms[39m
2026-03-22 19:13:03:133 [35mhttp[39m: [35mPOST /api/v1/auth/login 200 383 - 613.819 ms[39m
2026-03-22 19:13:06:136 [35mhttp[39m: [35mGET /api/v1/auth/me 200 400 - 77.819 ms[39m
2026-03-22 19:13:35:1335 [35mhttp[39m: [35mGET /api/v1/categories/tree?includeInactive=true 304 - - 88.313 ms[39m
2026-03-22 19:13:35:1335 [35mhttp[39m: [35mGET /api/v1/auth/me 200 400 - 103.552 ms[39m
2026-03-22 19:13:35:1335 [35mhttp[39m: [35mGET /api/v1/products/featured?limit=6 404 438 - 135.879 ms[39m
2026-03-22 19:13:35:1335 [35mhttp[39m: [35mGET /api/v1/products?limit=8&sort=newest 304 - - 162.851 ms[39m
2026-03-22 19:15:37:1537 [35mhttp[39m: [35mPOST /api/v1/auth/me 404 154 - 5.435 ms[39m
2026-03-22 19:15:37:1537 [35mhttp[39m: [35mGET /api/v1/categories/tree?includeInactive=true 304 - - 70.236 ms[39m
2026-03-22 19:15:37:1537 [35mhttp[39m: [35mGET /api/v1/products/featured?limit=6 404 438 - 77.385 ms[39m
2026-03-22 19:15:37:1537 [35mhttp[39m: [35mGET /api/v1/products?limit=8&sort=newest 304 - - 85.124 ms[39m
2026-03-25 11:31:29:3129 [35mhttp[39m: [35mPOST /api/v1/cart 401 1154 - 149.206 ms[39m
2026-03-25 11:31:37:3137 [35mhttp[39m: [35mPOST /api/v1/auth/login 200 383 - 473.350 ms[39m
2026-03-25 11:31:44:3144 [35mhttp[39m: [35mPOST /api/v1/cart 200 114 - 716.655 ms[39m
2026-03-25 11:47:20:4720 [35mhttp[39m: [35mGET /api/v1/products/ 200 1303 - 370.708 ms[39m
2026-03-25 12:04:54:454 [35mhttp[39m: [35mGET /api/v1/products/admin 200 1303 - 351.023 ms[39m
2026-03-25 12:05:23:523 [35mhttp[39m: [35mGET /api/v1/products/admin 200 1303 - 148.706 ms[39m
2026-03-25 12:11:51:1151 [35mhttp[39m: [35mGET /api/v1/products/admin 200 1303 - 374.714 ms[39m
2026-03-25 12:17:15:1715 [35mhttp[39m: [35mGET /api/v1/products/admin 200 1303 - 242.971 ms[39m
2026-03-25 12:18:55:1855 [35mhttp[39m: [35mGET /api/v1/products/admin 200 3936 - 312.263 ms[39m
2026-03-25 12:20:25:2025 [35mhttp[39m: [35mGET /api/v1/products/admin 200 3936 - 241.339 ms[39m
